<?xml version="1.0" encoding="UTF-8"?>
<testng-results ignored="0" total="2" passed="2" failed="0" skipped="0">
  <reporter-output>
  </reporter-output>
  <suite started-at="2023-04-24T18:09:22 IST" name="Suite" finished-at="2023-04-24T18:09:30 IST" duration-ms="8431">
    <groups>
      <group name="Master">
        <method signature="TC_001_AccountRegistrationTest.test_account_registration()[pri:0, instance:testCases.TC_001_AccountRegistrationTest@49ec71f8]" name="test_account_registration" class="testCases.TC_001_AccountRegistrationTest"/>
        <method signature="TC_002_AccountLoginTest.login()[pri:0, instance:testCases.TC_002_AccountLoginTest@131774fe]" name="login" class="testCases.TC_002_AccountLoginTest"/>
      </group> <!-- Master -->
      <group name="Sanity">
        <method signature="TC_002_AccountLoginTest.login()[pri:0, instance:testCases.TC_002_AccountLoginTest@131774fe]" name="login" class="testCases.TC_002_AccountLoginTest"/>
      </group> <!-- Sanity -->
      <group name="Regression">
        <method signature="TC_001_AccountRegistrationTest.test_account_registration()[pri:0, instance:testCases.TC_001_AccountRegistrationTest@49ec71f8]" name="test_account_registration" class="testCases.TC_001_AccountRegistrationTest"/>
      </group> <!-- Regression -->
    </groups>
    <test started-at="2023-04-24T18:09:22 IST" name="chromeTest" finished-at="2023-04-24T18:09:30 IST" duration-ms="8431">
      <class name="testCases.TC_001_AccountRegistrationTest">
        <test-method is-config="true" signature="setup(java.lang.String)[pri:0, instance:testCases.TC_001_AccountRegistrationTest@49ec71f8]" started-at="2023-04-24T18:09:22 IST" name="setup" finished-at="2023-04-24T18:09:26 IST" duration-ms="4113" status="PASS">
          <params>
            <param index="0">
              <value>
                <![CDATA[chrome]]>
              </value>
            </param>
          </params>
          <reporter-output>
          </reporter-output>
        </test-method> <!-- setup -->
        <test-method signature="test_account_registration()[pri:0, instance:testCases.TC_001_AccountRegistrationTest@49ec71f8]" started-at="2023-04-24T18:09:26 IST" name="test_account_registration" finished-at="2023-04-24T18:09:28 IST" duration-ms="1714" status="PASS">
          <reporter-output>
          </reporter-output>
        </test-method> <!-- test_account_registration -->
        <test-method is-config="true" signature="tearDown()[pri:0, instance:testCases.TC_001_AccountRegistrationTest@49ec71f8]" started-at="2023-04-24T18:09:28 IST" name="tearDown" finished-at="2023-04-24T18:09:28 IST" duration-ms="139" status="PASS">
          <reporter-output>
          </reporter-output>
        </test-method> <!-- tearDown -->
      </class> <!-- testCases.TC_001_AccountRegistrationTest -->
      <class name="testCases.TC_002_AccountLoginTest">
        <test-method is-config="true" signature="setup(java.lang.String)[pri:0, instance:testCases.TC_002_AccountLoginTest@131774fe]" started-at="2023-04-24T18:09:28 IST" name="setup" finished-at="2023-04-24T18:09:29 IST" duration-ms="1233" status="PASS">
          <params>
            <param index="0">
              <value>
                <![CDATA[chrome]]>
              </value>
            </param>
          </params>
          <reporter-output>
          </reporter-output>
        </test-method> <!-- setup -->
        <test-method signature="login()[pri:0, instance:testCases.TC_002_AccountLoginTest@131774fe]" started-at="2023-04-24T18:09:29 IST" name="login" finished-at="2023-04-24T18:09:30 IST" duration-ms="884" status="PASS">
          <reporter-output>
          </reporter-output>
        </test-method> <!-- login -->
        <test-method is-config="true" signature="tearDown()[pri:0, instance:testCases.TC_002_AccountLoginTest@131774fe]" started-at="2023-04-24T18:09:30 IST" name="tearDown" finished-at="2023-04-24T18:09:30 IST" duration-ms="139" status="PASS">
          <reporter-output>
          </reporter-output>
        </test-method> <!-- tearDown -->
      </class> <!-- testCases.TC_002_AccountLoginTest -->
    </test> <!-- chromeTest -->
  </suite> <!-- Suite -->
</testng-results>
